[debug] [2018-10-08T12:52:54.770Z] ----------------------------------------------------------------------
[debug] [2018-10-08T12:52:54.770Z] Command:       C:\Program Files\nodejs\node.exe C:\Users\c.bailey\AppData\Roaming\npm\node_modules\firebase-tools\bin\firebase init functions
[debug] [2018-10-08T12:52:54.770Z] CLI Version:   5.0.1
[debug] [2018-10-08T12:52:54.770Z] Platform:      win32
[debug] [2018-10-08T12:52:54.770Z] Node Version:  v8.12.0
[debug] [2018-10-08T12:52:54.770Z] Time:          Mon Oct 08 2018 13:52:54 GMT+0100 (GMT Daylight Time)
[debug] [2018-10-08T12:52:54.770Z] ----------------------------------------------------------------------
[debug] 
[debug] [2018-10-08T12:52:54.786Z] > command requires scopes: ["email","openid","https://www.googleapis.com/auth/cloudplatformprojects.readonly","https://www.googleapis.com/auth/firebase","https://www.googleapis.com/auth/cloud-platform"]
[debug] [2018-10-08T12:52:54.786Z] > authorizing via signed-in user
[info] 
     ######## #### ########  ######## ########     ###     ######  ########
     ##        ##  ##     ## ##       ##     ##  ##   ##  ##       ##
     ######    ##  ########  ######   ########  #########  ######  ######
     ##        ##  ##    ##  ##       ##     ## ##     ##       ## ##
     ##       #### ##     ## ######## ########  ##     ##  ######  ########

You're about to initialize a Firebase project in this directory:

  C:\Repos\chipitsafe\Cloud_Functions

Before we get started, keep in mind:

  * You are currently outside your home directory

[info] 
=== Project Setup
[info] 
[info] First, let's associate this project directory with a Firebase project.
[info] You can create multiple project aliases by running firebase use --add, 
[info] but for now we'll just set up a default project.
[info] 
[debug] [2018-10-08T12:53:54.990Z] >>> HTTP REQUEST GET https://admin.firebase.com/v1/projects  
 
[debug] [2018-10-08T12:53:56.094Z] <<< HTTP RESPONSE 200
